  [4;36;1mSQL (0.1ms)[0m   [0;1mSET NAMES 'utf8'[0m
  [4;35;1mSQL (0.1ms)[0m   [0mSET SQL_AUTO_IS_NULL=0[0m
  [4;36;1mSQL (0.3ms)[0m   [0;1mSHOW TABLES[0m
  [4;35;1mSQL (96.4ms)[0m   [0mCREATE TABLE `schema_migrations` (`version` varchar(255) NOT NULL) ENGINE=InnoDB[0m
  [4;36;1mSQL (176.0ms)[0m   [0;1mCREATE UNIQUE INDEX `unique_schema_migrations` ON `schema_migrations` (`version`)[0m
  [4;35;1mSQL (0.4ms)[0m   [0mSHOW TABLES[0m
  [4;36;1mSQL (0.3ms)[0m   [0;1mSELECT version FROM schema_migrations[0m
  [4;36;1mSQL (0.1ms)[0m   [0;1mSET NAMES 'utf8'[0m
  [4;35;1mSQL (0.1ms)[0m   [0mSET SQL_AUTO_IS_NULL=0[0m
  [4;36;1mSQL (0.2ms)[0m   [0;1mSHOW TABLES[0m
  [4;35;1mSQL (0.1ms)[0m   [0mSELECT version FROM schema_migrations[0m
Migrating to StworzWpisy (20110225100818)
  [4;36;1mSQL (96.5ms)[0m   [0;1mCREATE TABLE `wpisy` (`id` int(11) DEFAULT NULL auto_increment PRIMARY KEY, `imie` varchar(30) NOT NULL, `nazwisko` varchar(30), `mail` varchar(50) NOT NULL, `strona` varchar(50), `tresc` text NOT NULL, `data` date) ENGINE=InnoDB[0m
  [4;35;1mSQL (49.3ms)[0m   [0mINSERT INTO schema_migrations (version) VALUES ('20110225100818')[0m
  [4;36;1mSQL (0.5ms)[0m   [0;1mSHOW TABLES[0m
  [4;35;1mSQL (0.2ms)[0m   [0mSELECT version FROM schema_migrations[0m
  [4;36;1mSQL (0.2ms)[0m   [0;1mSHOW TABLES[0m
  [4;35;1mSQL (1.1ms)[0m   [0mSHOW FIELDS FROM `wpisy`[0m
  [4;36;1mSQL (0.9ms)[0m   [0;1mdescribe `wpisy`[0m
  [4;35;1mSQL (0.4ms)[0m   [0mSHOW KEYS FROM `wpisy`[0m
/!\ FAILSAFE /!\  Fri Feb 25 11:27:57 +0100 2011
  Status: 500 Internal Server Error
  Access denied for user 'root'@'localhost' (using password: NO)
    /usr/lib/ruby/gems/1.8/gems/activerecord-2.3.5/lib/active_record/connection_adapters/mysql_adapter.rb:589:in `real_connect'
    /usr/lib/ruby/gems/1.8/gems/activerecord-2.3.5/lib/active_record/connection_adapters/mysql_adapter.rb:589:in `connect'
    /usr/lib/ruby/gems/1.8/gems/activerecord-2.3.5/lib/active_record/connection_adapters/mysql_adapter.rb:203:in `initialize'
    /usr/lib/ruby/gems/1.8/gems/activerecord-2.3.5/lib/active_record/connection_adapters/mysql_adapter.rb:75:in `new'
    /usr/lib/ruby/gems/1.8/gems/activerecord-2.3.5/lib/active_record/connection_adapters/mysql_adapter.rb:75:in `mysql_connection'
    /usr/lib/ruby/gems/1.8/gems/activerecord-2.3.5/lib/active_record/connection_adapters/abstract/connection_pool.rb:223:in `send'
    /usr/lib/ruby/gems/1.8/gems/activerecord-2.3.5/lib/active_record/connection_adapters/abstract/connection_pool.rb:223:in `new_connection'
    /usr/lib/ruby/gems/1.8/gems/activerecord-2.3.5/lib/active_record/connection_adapters/abstract/connection_pool.rb:245:in `checkout_new_connection'
    /usr/lib/ruby/gems/1.8/gems/activerecord-2.3.5/lib/active_record/connection_adapters/abstract/connection_pool.rb:188:in `checkout'
    /usr/lib/ruby/gems/1.8/gems/activerecord-2.3.5/lib/active_record/connection_adapters/abstract/connection_pool.rb:184:in `loop'
    /usr/lib/ruby/gems/1.8/gems/activerecord-2.3.5/lib/active_record/connection_adapters/abstract/connection_pool.rb:184:in `checkout'
    /usr/lib/ruby/1.8/monitor.rb:242:in `synchronize'
    /usr/lib/ruby/gems/1.8/gems/activerecord-2.3.5/lib/active_record/connection_adapters/abstract/connection_pool.rb:183:in `checkout'
    /usr/lib/ruby/gems/1.8/gems/activerecord-2.3.5/lib/active_record/connection_adapters/abstract/connection_pool.rb:98:in `connection'
    /usr/lib/ruby/gems/1.8/gems/activerecord-2.3.5/lib/active_record/connection_adapters/abstract/connection_pool.rb:326:in `retrieve_connection'
    /usr/lib/ruby/gems/1.8/gems/activerecord-2.3.5/lib/active_record/connection_adapters/abstract/connection_specification.rb:123:in `retrieve_connection'
    /usr/lib/ruby/gems/1.8/gems/activerecord-2.3.5/lib/active_record/connection_adapters/abstract/connection_specification.rb:115:in `connection'
    /usr/lib/ruby/gems/1.8/gems/activerecord-2.3.5/lib/active_record/query_cache.rb:9:in `cache'
    /usr/lib/ruby/gems/1.8/gems/activerecord-2.3.5/lib/active_record/query_cache.rb:28:in `call'
    /usr/lib/ruby/gems/1.8/gems/activerecord-2.3.5/lib/active_record/connection_adapters/abstract/connection_pool.rb:361:in `call'
    /usr/lib/ruby/gems/1.8/gems/actionpack-2.3.5/lib/action_controller/string_coercion.rb:25:in `call'
    /usr/lib/ruby/gems/1.8/gems/rack-1.0.1/lib/rack/head.rb:9:in `call'
    /usr/lib/ruby/gems/1.8/gems/rack-1.0.1/lib/rack/methodoverride.rb:24:in `call'
    /usr/lib/ruby/gems/1.8/gems/actionpack-2.3.5/lib/action_controller/params_parser.rb:15:in `call'
    /usr/lib/ruby/gems/1.8/gems/actionpack-2.3.5/lib/action_controller/session/cookie_store.rb:93:in `call'
    /usr/lib/ruby/gems/1.8/gems/actionpack-2.3.5/lib/action_controller/failsafe.rb:26:in `call'
    /usr/lib/ruby/gems/1.8/gems/rack-1.0.1/lib/rack/lock.rb:11:in `call'
    /usr/lib/ruby/gems/1.8/gems/rack-1.0.1/lib/rack/lock.rb:11:in `synchronize'
    /usr/lib/ruby/gems/1.8/gems/rack-1.0.1/lib/rack/lock.rb:11:in `call'
    /usr/lib/ruby/gems/1.8/gems/actionpack-2.3.5/lib/action_controller/dispatcher.rb:114:in `call'
    /usr/lib/ruby/gems/1.8/gems/actionpack-2.3.5/lib/action_controller/reloader.rb:34:in `run'
    /usr/lib/ruby/gems/1.8/gems/actionpack-2.3.5/lib/action_controller/dispatcher.rb:108:in `call'
    /usr/lib/ruby/gems/1.8/gems/rails-2.3.5/lib/rails/rack/static.rb:31:in `call'
    /usr/lib/ruby/gems/1.8/gems/rack-1.0.1/lib/rack/urlmap.rb:46:in `call'
    /usr/lib/ruby/gems/1.8/gems/rack-1.0.1/lib/rack/urlmap.rb:40:in `each'
    /usr/lib/ruby/gems/1.8/gems/rack-1.0.1/lib/rack/urlmap.rb:40:in `call'
    /usr/lib/ruby/gems/1.8/gems/rails-2.3.5/lib/rails/rack/log_tailer.rb:17:in `call'
    /usr/lib/ruby/gems/1.8/gems/rack-1.0.1/lib/rack/content_length.rb:13:in `call'
    /usr/lib/ruby/gems/1.8/gems/rack-1.0.1/lib/rack/chunked.rb:15:in `call'
    /usr/lib/ruby/gems/1.8/gems/rack-1.0.1/lib/rack/handler/mongrel.rb:64:in `process'
    /usr/lib/ruby/gems/1.8/gems/mongrel-1.1.5/lib/mongrel.rb:159:in `process_client'
    /usr/lib/ruby/gems/1.8/gems/mongrel-1.1.5/lib/mongrel.rb:158:in `each'
    /usr/lib/ruby/gems/1.8/gems/mongrel-1.1.5/lib/mongrel.rb:158:in `process_client'
    /usr/lib/ruby/gems/1.8/gems/mongrel-1.1.5/lib/mongrel.rb:285:in `run'
    /usr/lib/ruby/gems/1.8/gems/mongrel-1.1.5/lib/mongrel.rb:285:in `initialize'
    /usr/lib/ruby/gems/1.8/gems/mongrel-1.1.5/lib/mongrel.rb:285:in `new'
    /usr/lib/ruby/gems/1.8/gems/mongrel-1.1.5/lib/mongrel.rb:285:in `run'
    /usr/lib/ruby/gems/1.8/gems/mongrel-1.1.5/lib/mongrel.rb:268:in `initialize'
    /usr/lib/ruby/gems/1.8/gems/mongrel-1.1.5/lib/mongrel.rb:268:in `new'
    /usr/lib/ruby/gems/1.8/gems/mongrel-1.1.5/lib/mongrel.rb:268:in `run'
    /usr/lib/ruby/gems/1.8/gems/rack-1.0.1/lib/rack/handler/mongrel.rb:34:in `run'
    /usr/lib/ruby/gems/1.8/gems/rails-2.3.5/lib/commands/server.rb:111
    /usr/local/lib/site_ruby/1.8/rubygems/custom_require.rb:31:in `gem_original_require'
    /usr/local/lib/site_ruby/1.8/rubygems/custom_require.rb:31:in `require'
    ./script/server:3
    -e:2:in `load'
    -e:2
  [4;36;1mSQL (0.1ms)[0m   [0;1mSET NAMES 'utf8'[0m
  [4;35;1mSQL (0.0ms)[0m   [0mSET SQL_AUTO_IS_NULL=0[0m


Processing WpisyController#index (for 127.0.0.1 at 2011-02-25 11:28:42) [GET]
  [4;36;1mWpis Load (0.5ms)[0m   [0;1mSELECT * FROM `wpisy` [0m
Rendering template within layouts/wpisy
Rendering wpisy/index
Completed in 29ms (View: 24, DB: 1) | 200 OK [http://0.0.0.0/wpisy]
  [4;35;1mSQL (0.1ms)[0m   [0mSET NAMES 'utf8'[0m
  [4;36;1mSQL (0.2ms)[0m   [0;1mSET SQL_AUTO_IS_NULL=0[0m


Processing WpisyController#new (for 127.0.0.1 at 2011-02-25 11:29:21) [GET]
  [4;35;1mWpis Columns (1.1ms)[0m   [0mSHOW FIELDS FROM `wpisy`[0m
Rendering template within layouts/wpisy
Rendering wpisy/new
Completed in 13ms (View: 7, DB: 1) | 200 OK [http://0.0.0.0/wpisy/new]
  [4;36;1mSQL (0.1ms)[0m   [0;1mSET NAMES 'utf8'[0m
  [4;35;1mSQL (0.1ms)[0m   [0mSET SQL_AUTO_IS_NULL=0[0m


Processing WpisyController#create (for 127.0.0.1 at 2011-02-25 11:29:25) [POST]
  Parameters: {"commit"=>"Create", "authenticity_token"=>"x8f40GWdof0qcuNIxgnnqd1bw7jSkae2nzYbeURSU/E="}
  [4;36;1mWpis Columns (1.1ms)[0m   [0;1mSHOW FIELDS FROM `wpisy`[0m
  [4;35;1mSQL (0.1ms)[0m   [0mBEGIN[0m
  [4;36;1mWpis Create (0.0ms)[0m   [0;1mMysql::Error: Column 'imie' cannot be null: INSERT INTO `wpisy` (`data`, `imie`, `tresc`, `mail`, `strona`, `nazwisko`) VALUES(NULL, NULL, '', NULL, NULL, NULL)[0m
  [4;35;1mSQL (0.2ms)[0m   [0mROLLBACK[0m

ActiveRecord::StatementInvalid (Mysql::Error: Column 'imie' cannot be null: INSERT INTO `wpisy` (`data`, `imie`, `tresc`, `mail`, `strona`, `nazwisko`) VALUES(NULL, NULL, '', NULL, NULL, NULL)):
  app/controllers/wpisy_controller.rb:46
  app/controllers/wpisy_controller.rb:45:in `create'
  -e:2:in `load'
  -e:2

Rendered rescues/_trace (37.0ms)
Rendered rescues/_request_and_response (1.2ms)
Rendering rescues/layout (internal_server_error)
  [4;36;1mSQL (0.1ms)[0m   [0;1mSET NAMES 'utf8'[0m
  [4;35;1mSQL (0.1ms)[0m   [0mSET SQL_AUTO_IS_NULL=0[0m


Processing WpisyController#index (for 127.0.0.1 at 2011-02-25 11:38:26) [GET]
  [4;36;1mWpis Load (0.2ms)[0m   [0;1mSELECT * FROM `wpisy` [0m
Rendering template within layouts/wpisy
Rendering wpisy/index
Completed in 25ms (View: 20, DB: 0) | 200 OK [http://0.0.0.0/wpisy]
  [4;35;1mSQL (0.1ms)[0m   [0mSET NAMES 'utf8'[0m
  [4;36;1mSQL (0.2ms)[0m   [0;1mSET SQL_AUTO_IS_NULL=0[0m


Processing WpisyController#new (for 127.0.0.1 at 2011-02-25 11:38:29) [GET]
  [4;35;1mWpis Columns (1.2ms)[0m   [0mSHOW FIELDS FROM `wpisy`[0m
Rendering template within layouts/wpisy
Rendering wpisy/new
Completed in 56ms (View: 49, DB: 2) | 200 OK [http://0.0.0.0/wpisy/new]
  [4;36;1mSQL (0.1ms)[0m   [0;1mSET NAMES 'utf8'[0m
  [4;35;1mSQL (0.1ms)[0m   [0mSET SQL_AUTO_IS_NULL=0[0m


Processing WpisyController#create (for 127.0.0.1 at 2011-02-25 11:38:33) [POST]
  Parameters: {"commit"=>"Create", "authenticity_token"=>"x8f40GWdof0qcuNIxgnnqd1bw7jSkae2nzYbeURSU/E="}
  [4;36;1mWpis Columns (1.3ms)[0m   [0;1mSHOW FIELDS FROM `wpisy`[0m
  [4;35;1mSQL (0.1ms)[0m   [0mBEGIN[0m
  [4;36;1mSQL (0.1ms)[0m   [0;1mROLLBACK[0m
Rendering template within layouts/wpisy
Rendering wpisy/new
Completed in 14ms (View: 5, DB: 2) | 200 OK [http://0.0.0.0/wpisy]
  [4;35;1mSQL (0.2ms)[0m   [0mSET NAMES 'utf8'[0m
  [4;36;1mSQL (0.2ms)[0m   [0;1mSET SQL_AUTO_IS_NULL=0[0m


Processing WpisyController#index (for 127.0.0.1 at 2011-02-25 11:43:03) [GET]
  [4;35;1mWpis Load (0.2ms)[0m   [0mSELECT * FROM `wpisy` [0m
Rendering template within layouts/wpisy
Rendering wpisy/index
Completed in 6ms (View: 1, DB: 1) | 200 OK [http://0.0.0.0/wpisy]
  [4;36;1mSQL (0.1ms)[0m   [0;1mSET NAMES 'utf8'[0m
  [4;35;1mSQL (0.2ms)[0m   [0mSET SQL_AUTO_IS_NULL=0[0m


Processing WpisyController#new (for 127.0.0.1 at 2011-02-25 11:43:06) [GET]
  [4;36;1mWpis Columns (1.1ms)[0m   [0;1mSHOW FIELDS FROM `wpisy`[0m
Rendering template within layouts/wpisy
Rendering wpisy/new
Completed in 9ms (View: 3, DB: 1) | 200 OK [http://0.0.0.0/wpisy/new]
  [4;35;1mSQL (0.1ms)[0m   [0mSET NAMES 'utf8'[0m
  [4;36;1mSQL (0.1ms)[0m   [0;1mSET SQL_AUTO_IS_NULL=0[0m


Processing WpisyController#create (for 127.0.0.1 at 2011-02-25 11:43:14) [POST]
  Parameters: {"commit"=>"Create", "authenticity_token"=>"x8f40GWdof0qcuNIxgnnqd1bw7jSkae2nzYbeURSU/E="}
  [4;35;1mWpis Columns (1.1ms)[0m   [0mSHOW FIELDS FROM `wpisy`[0m
  [4;36;1mSQL (0.1ms)[0m   [0;1mBEGIN[0m
  [4;35;1mSQL (0.1ms)[0m   [0mROLLBACK[0m
Rendering template within layouts/wpisy
Rendering wpisy/new
Completed in 13ms (View: 5, DB: 2) | 200 OK [http://0.0.0.0/wpisy]
  [4;36;1mSQL (0.2ms)[0m   [0;1mSET NAMES 'utf8'[0m
  [4;35;1mSQL (0.1ms)[0m   [0mSET SQL_AUTO_IS_NULL=0[0m


Processing WpisyController#index (for 127.0.0.1 at 2011-02-25 11:43:16) [GET]
  [4;36;1mWpis Load (0.2ms)[0m   [0;1mSELECT * FROM `wpisy` [0m
Rendering template within layouts/wpisy
Rendering wpisy/index
Completed in 6ms (View: 1, DB: 0) | 200 OK [http://0.0.0.0/wpisy]
  [4;35;1mSQL (0.1ms)[0m   [0mSET NAMES 'utf8'[0m
  [4;36;1mSQL (0.1ms)[0m   [0;1mSET SQL_AUTO_IS_NULL=0[0m


Processing WpisyController#index (for 127.0.0.1 at 2011-02-25 11:49:24) [GET]
  [4;35;1mWpis Load (0.2ms)[0m   [0mSELECT * FROM `wpisy` [0m
Rendering template within layouts/wpisy
Rendering wpisy/index
Completed in 6ms (View: 1, DB: 0) | 200 OK [http://0.0.0.0/wpisy]
  [4;36;1mSQL (0.1ms)[0m   [0;1mSET NAMES 'utf8'[0m
  [4;35;1mSQL (0.1ms)[0m   [0mSET SQL_AUTO_IS_NULL=0[0m


Processing WpisyController#new (for 127.0.0.1 at 2011-02-25 11:49:27) [GET]
  [4;36;1mWpis Columns (1.1ms)[0m   [0;1mSHOW FIELDS FROM `wpisy`[0m
Rendering template within layouts/wpisy
Rendering wpisy/new
Completed in 9ms (View: 3, DB: 1) | 200 OK [http://0.0.0.0/wpisy/new]
  [4;35;1mSQL (0.1ms)[0m   [0mSET NAMES 'utf8'[0m
  [4;36;1mSQL (0.1ms)[0m   [0;1mSET SQL_AUTO_IS_NULL=0[0m


Processing WpisyController#create (for 127.0.0.1 at 2011-02-25 11:49:29) [POST]
  Parameters: {"commit"=>"Create", "authenticity_token"=>"x8f40GWdof0qcuNIxgnnqd1bw7jSkae2nzYbeURSU/E="}
  [4;35;1mWpis Columns (1.2ms)[0m   [0mSHOW FIELDS FROM `wpisy`[0m
  [4;36;1mSQL (0.1ms)[0m   [0;1mBEGIN[0m
  [4;35;1mSQL (0.2ms)[0m   [0mROLLBACK[0m
Rendering template within layouts/wpisy
Rendering wpisy/new
Completed in 29ms (View: 16, DB: 2) | 200 OK [http://0.0.0.0/wpisy]
  [4;36;1mSQL (0.1ms)[0m   [0;1mSET NAMES 'utf8'[0m
  [4;35;1mSQL (0.1ms)[0m   [0mSET SQL_AUTO_IS_NULL=0[0m


Processing WpisyController#index (for 127.0.0.1 at 2011-02-25 11:49:38) [GET]
  [4;36;1mWpis Load (0.2ms)[0m   [0;1mSELECT * FROM `wpisy` [0m
Rendering template within layouts/wpisy
Rendering wpisy/index
Completed in 6ms (View: 1, DB: 0) | 200 OK [http://0.0.0.0/wpisy]
  [4;35;1mSQL (0.1ms)[0m   [0mSET NAMES 'utf8'[0m
  [4;36;1mSQL (0.1ms)[0m   [0;1mSET SQL_AUTO_IS_NULL=0[0m


Processing WpisyController#index (for 127.0.0.1 at 2011-02-25 11:49:44) [GET]
  [4;35;1mWpis Load (0.2ms)[0m   [0mSELECT * FROM `wpisy` [0m
Rendering template within layouts/wpisy
Rendering wpisy/index
Completed in 6ms (View: 1, DB: 0) | 200 OK [http://0.0.0.0/wpisy]
  [4;36;1mSQL (0.2ms)[0m   [0;1mSET NAMES 'utf8'[0m
  [4;35;1mSQL (0.2ms)[0m   [0mSET SQL_AUTO_IS_NULL=0[0m


Processing WpisyController#new (for 127.0.0.1 at 2011-02-25 11:49:46) [GET]
  [4;36;1mWpis Columns (1.2ms)[0m   [0;1mSHOW FIELDS FROM `wpisy`[0m
Rendering template within layouts/wpisy
Rendering wpisy/new
Completed in 10ms (View: 4, DB: 2) | 200 OK [http://0.0.0.0/wpisy/new]
  [4;35;1mSQL (0.1ms)[0m   [0mSET NAMES 'utf8'[0m
  [4;36;1mSQL (0.1ms)[0m   [0;1mSET SQL_AUTO_IS_NULL=0[0m


Processing WpisyController#create (for 127.0.0.1 at 2011-02-25 11:49:47) [POST]
  Parameters: {"commit"=>"Create", "authenticity_token"=>"x8f40GWdof0qcuNIxgnnqd1bw7jSkae2nzYbeURSU/E="}
  [4;35;1mWpis Columns (1.1ms)[0m   [0mSHOW FIELDS FROM `wpisy`[0m
  [4;36;1mSQL (0.1ms)[0m   [0;1mBEGIN[0m
  [4;35;1mSQL (0.1ms)[0m   [0mROLLBACK[0m
Rendering template within layouts/wpisy
Rendering wpisy/new
Completed in 18ms (View: 10, DB: 2) | 200 OK [http://0.0.0.0/wpisy]
  [4;36;1mSQL (0.2ms)[0m   [0;1mSET NAMES 'utf8'[0m
  [4;35;1mSQL (0.2ms)[0m   [0mSET SQL_AUTO_IS_NULL=0[0m


Processing WpisyController#index (for 127.0.0.1 at 2011-02-25 11:49:48) [GET]
  [4;36;1mWpis Load (0.2ms)[0m   [0;1mSELECT * FROM `wpisy` [0m
Rendering template within layouts/wpisy
Rendering wpisy/index
Completed in 6ms (View: 1, DB: 1) | 200 OK [http://0.0.0.0/wpisy]
  [4;35;1mSQL (0.1ms)[0m   [0mSET NAMES 'utf8'[0m
  [4;36;1mSQL (0.1ms)[0m   [0;1mSET SQL_AUTO_IS_NULL=0[0m


Processing WpisyController#index (for 127.0.0.1 at 2011-02-25 12:07:57) [GET]
  [4;35;1mWpis Load (0.2ms)[0m   [0mSELECT * FROM `wpisy` [0m
Rendering template within layouts/wpisy
Rendering wpisy/index
Completed in 6ms (View: 1, DB: 0) | 200 OK [http://0.0.0.0/wpisy]
  [4;36;1mSQL (0.1ms)[0m   [0;1mSET NAMES 'utf8'[0m
  [4;35;1mSQL (0.1ms)[0m   [0mSET SQL_AUTO_IS_NULL=0[0m


Processing WpisyController#new (for 127.0.0.1 at 2011-02-25 12:08:00) [GET]
  [4;36;1mWpis Columns (1.1ms)[0m   [0;1mSHOW FIELDS FROM `wpisy`[0m
Rendering template within layouts/wpisy
Rendering wpisy/new
Completed in 9ms (View: 3, DB: 1) | 200 OK [http://0.0.0.0/wpisy/new]
  [4;35;1mSQL (0.1ms)[0m   [0mSET NAMES 'utf8'[0m
  [4;36;1mSQL (0.1ms)[0m   [0;1mSET SQL_AUTO_IS_NULL=0[0m


Processing WpisyController#create (for 127.0.0.1 at 2011-02-25 12:08:01) [POST]
  Parameters: {"commit"=>"Create", "authenticity_token"=>"x8f40GWdof0qcuNIxgnnqd1bw7jSkae2nzYbeURSU/E="}
  [4;35;1mWpis Columns (1.1ms)[0m   [0mSHOW FIELDS FROM `wpisy`[0m
  [4;36;1mSQL (0.1ms)[0m   [0;1mBEGIN[0m
  [4;35;1mSQL (0.2ms)[0m   [0mROLLBACK[0m
Rendering template within layouts/wpisy
Rendering wpisy/new
Completed in 19ms (View: 11, DB: 2) | 200 OK [http://0.0.0.0/wpisy]
  [4;36;1mSQL (0.2ms)[0m   [0;1mSET NAMES 'utf8'[0m
  [4;35;1mSQL (0.1ms)[0m   [0mSET SQL_AUTO_IS_NULL=0[0m


Processing WpisyController#index (for 127.0.0.1 at 2011-02-25 12:08:03) [GET]
  [4;36;1mWpis Load (0.3ms)[0m   [0;1mSELECT * FROM `wpisy` [0m
Rendering template within layouts/wpisy
Rendering wpisy/index
Completed in 9ms (View: 3, DB: 1) | 200 OK [http://0.0.0.0/wpisy]
  [4;35;1mSQL (0.1ms)[0m   [0mSET NAMES 'utf8'[0m
  [4;36;1mSQL (0.1ms)[0m   [0;1mSET SQL_AUTO_IS_NULL=0[0m


Processing WpisyController#index (for 127.0.0.1 at 2011-02-25 12:20:58) [GET]
  [4;35;1mWpis Load (0.2ms)[0m   [0mSELECT * FROM `wpisy` [0m
Rendering template within layouts/wpisy
Rendering wpisy/index
Completed in 6ms (View: 1, DB: 0) | 200 OK [http://0.0.0.0/wpisy]
  [4;36;1mSQL (0.2ms)[0m   [0;1mSET NAMES 'utf8'[0m
  [4;35;1mSQL (0.2ms)[0m   [0mSET SQL_AUTO_IS_NULL=0[0m


Processing WpisyController#new (for 127.0.0.1 at 2011-02-25 12:20:59) [GET]
  [4;36;1mWpis Columns (1.1ms)[0m   [0;1mSHOW FIELDS FROM `wpisy`[0m
Rendering template within layouts/wpisy
Rendering wpisy/new
Completed in 9ms (View: 3, DB: 1) | 200 OK [http://0.0.0.0/wpisy/new]
  [4;35;1mSQL (0.1ms)[0m   [0mSET NAMES 'utf8'[0m
  [4;36;1mSQL (0.1ms)[0m   [0;1mSET SQL_AUTO_IS_NULL=0[0m


Processing WpisyController#create (for 127.0.0.1 at 2011-02-25 12:21:01) [POST]
  Parameters: {"commit"=>"Create", "authenticity_token"=>"x8f40GWdof0qcuNIxgnnqd1bw7jSkae2nzYbeURSU/E="}
  [4;35;1mWpis Columns (1.1ms)[0m   [0mSHOW FIELDS FROM `wpisy`[0m
  [4;36;1mSQL (0.1ms)[0m   [0;1mBEGIN[0m
  [4;35;1mSQL (0.1ms)[0m   [0mROLLBACK[0m
Rendering template within layouts/wpisy
Rendering wpisy/new
Completed in 21ms (View: 12, DB: 2) | 200 OK [http://0.0.0.0/wpisy]
  [4;36;1mSQL (0.1ms)[0m   [0;1mSET NAMES 'utf8'[0m
  [4;35;1mSQL (0.2ms)[0m   [0mSET SQL_AUTO_IS_NULL=0[0m


Processing WpisyController#index (for 127.0.0.1 at 2011-02-25 12:21:04) [GET]
  [4;36;1mWpis Load (0.2ms)[0m   [0;1mSELECT * FROM `wpisy` [0m
Rendering template within layouts/wpisy
Rendering wpisy/index
Completed in 6ms (View: 1, DB: 0) | 200 OK [http://0.0.0.0/wpisy]
  [4;35;1mSQL (0.2ms)[0m   [0mSET NAMES 'utf8'[0m
  [4;36;1mSQL (0.2ms)[0m   [0;1mSET SQL_AUTO_IS_NULL=0[0m


Processing WpisyController#new (for 127.0.0.1 at 2011-02-25 12:21:06) [GET]
  [4;35;1mWpis Columns (1.1ms)[0m   [0mSHOW FIELDS FROM `wpisy`[0m
Rendering template within layouts/wpisy
Rendering wpisy/new
Completed in 9ms (View: 3, DB: 2) | 200 OK [http://0.0.0.0/wpisy/new]
  [4;36;1mSQL (0.1ms)[0m   [0;1mSET NAMES 'utf8'[0m
  [4;35;1mSQL (0.2ms)[0m   [0mSET SQL_AUTO_IS_NULL=0[0m


Processing WpisyController#index (for 127.0.0.1 at 2011-02-25 12:21:13) [GET]
  [4;36;1mWpis Load (0.2ms)[0m   [0;1mSELECT * FROM `wpisy` [0m
Rendering template within layouts/wpisy
Rendering wpisy/index
Completed in 6ms (View: 1, DB: 0) | 200 OK [http://0.0.0.0/wpisy]
  [4;35;1mSQL (0.2ms)[0m   [0mSET NAMES 'utf8'[0m
  [4;36;1mSQL (0.1ms)[0m   [0;1mSET SQL_AUTO_IS_NULL=0[0m


Processing WpisyController#new (for 127.0.0.1 at 2011-02-25 12:22:06) [GET]
  [4;35;1mWpis Columns (1.2ms)[0m   [0mSHOW FIELDS FROM `wpisy`[0m
Rendering template within layouts/wpisy
Rendering wpisy/new
Completed in 17ms (View: 10, DB: 1) | 200 OK [http://0.0.0.0/wpisy/new]
  [4;36;1mSQL (0.2ms)[0m   [0;1mSET NAMES 'utf8'[0m
  [4;35;1mSQL (0.2ms)[0m   [0mSET SQL_AUTO_IS_NULL=0[0m


Processing WpisyController#index (for 127.0.0.1 at 2011-02-25 12:22:08) [GET]
  [4;36;1mWpis Load (0.2ms)[0m   [0;1mSELECT * FROM `wpisy` [0m
Rendering template within layouts/wpisy
Rendering wpisy/index
Completed in 6ms (View: 1, DB: 1) | 200 OK [http://0.0.0.0/wpisy]
  [4;35;1mSQL (0.1ms)[0m   [0mSET NAMES 'utf8'[0m
  [4;36;1mSQL (0.1ms)[0m   [0;1mSET SQL_AUTO_IS_NULL=0[0m


Processing WpisyController#show (for 127.0.0.1 at 2011-02-25 12:22:15) [GET]
  Parameters: {"id"=>"list"}
  [4;35;1mWpis Columns (1.1ms)[0m   [0mSHOW FIELDS FROM `wpisy`[0m
  [4;36;1mWpis Load (0.4ms)[0m   [0;1mSELECT * FROM `wpisy` WHERE (`wpisy`.`id` = 0) [0m

ActiveRecord::RecordNotFound (Couldn't find Wpis with ID=list):
  app/controllers/wpisy_controller.rb:16:in `show'
  -e:2:in `load'
  -e:2

Rendered rescues/_trace (26.8ms)
Rendered rescues/_request_and_response (1.3ms)
Rendering rescues/layout (not_found)
  [4;35;1mSQL (0.1ms)[0m   [0mSET NAMES 'utf8'[0m
  [4;36;1mSQL (0.1ms)[0m   [0;1mSET SQL_AUTO_IS_NULL=0[0m


Processing WpisyController#index (for 127.0.0.1 at 2011-02-25 12:22:32) [GET]
  [4;35;1mWpis Load (0.2ms)[0m   [0mSELECT * FROM `wpisy` [0m
Rendering template within layouts/wpisy
Rendering wpisy/index
Completed in 6ms (View: 1, DB: 0) | 200 OK [http://0.0.0.0/wpisy]
  [4;36;1mSQL (0.1ms)[0m   [0;1mSET NAMES 'utf8'[0m
  [4;35;1mSQL (0.1ms)[0m   [0mSET SQL_AUTO_IS_NULL=0[0m


Processing ApplicationController#index (for 127.0.0.1 at 2011-02-25 13:38:41) [GET]

ActionController::RoutingError (No route matches "/notki" with {:method=>:get}):
  -e:2:in `load'
  -e:2

Rendering rescues/layout (not_found)
  [4;36;1mSQL (0.1ms)[0m   [0;1mSET NAMES 'utf8'[0m
  [4;35;1mSQL (0.1ms)[0m   [0mSET SQL_AUTO_IS_NULL=0[0m


Processing ApplicationController#index (for 127.0.0.1 at 2011-02-25 13:38:55) [GET]

ActionController::RoutingError (No route matches "/notki" with {:method=>:get}):
  -e:2:in `load'
  -e:2

Rendering rescues/layout (not_found)
